EXCEPTION
BAD_CLASS_INJECTION