SEARCH
BAD_ARG_COUNT
