SEARCH
SINGLE_ASSIGN_ERROR