n2
imp8
y1
