y2
__main__
