EXCEPTION
MULTI_ASSIGN_ERROR