SEARCH
MULTI_ASSIGN_ERROR