SEARCH
NON_OBJECT_DEL