SEARCH
NON_OBJECT_WRITE