SEARCH
<__main__.M object at 
