EXCEPTION
SINGLE_ASSIGN_ERROR