hoho






<class '__main__.C'>
<class '__main__.C'> <class 'type'>






