<class '__main__.C'>