SEARCH
TYPED_ATTR_DELETE